<?xml version="1.0" encoding="UTF-8"?>
<testsuite name="TesteCliente" tests="4" skipped="0" failures="0" errors="0" timestamp="2021-07-25T19:32:47" hostname="DESKTOP-OQSRQD4" time="1.068">
  <properties/>
  <testcase name="Quando eu deletar um cliente, EntÃ£o deve retornar o cliente deletado" classname="TesteCliente" time="1.008"/>
  <testcase name="Quando eu atualizar um cliente, EntÃ£o deve retornar o cliente atualizado" classname="TesteCliente" time="0.02"/>
  <testcase name="Quando eu cadastrar um clientes, entÃ£o deve retornar o cliente cadastrado" classname="TesteCliente" time="0.009"/>
  <testcase name="Quando buscar todos os clientes api, entÃ£o a lista deve retornar vazia" classname="TesteCliente" time="0.028"/>
  <system-out><![CDATA[]]></system-out>
  <system-err><![CDATA[]]></system-err>
</testsuite>
